Vivado Simulator 2019.1
Copyright 1986-1999, 2001-2019 Xilinx, Inc. All Rights Reserved.
Running: C:/Xilinx/Vivado/2019.1/bin/unwrapped/win64.o/xelab.exe -wto 26d84775f5ed4602890a5b4799e1c366 --incr --debug typical --relax --mt 2 -L xil_defaultlib -L unisims_ver -L unimacro_ver -L secureip --snapshot Risc16_tb_behav xil_defaultlib.Risc16_tb xil_defaultlib.glbl -log elaborate.log 
Using 2 slave threads.
Starting static elaboration
Completed static elaboration
Starting simulation data flow analysis
Completed simulation data flow analysis
Time Resolution for simulation is 1ps
Compiling module xil_defaultlib.MemoriaDeInstrucciones
Compiling module xil_defaultlib.GPRs
Compiling module xil_defaultlib.alu_cntrl
Compiling module xil_defaultlib.ALU
Compiling module xil_defaultlib.Data_Memory
Compiling module xil_defaultlib.Datapath_Unit
Compiling module xil_defaultlib.Control_Unit
Compiling module xil_defaultlib.Risc_16_bit
Compiling module xil_defaultlib.Risc16_tb
Compiling module xil_defaultlib.glbl
Built simulation snapshot Risc16_tb_behav
